{"/Users/markchesser/GITHUB/geometry-video-generator/luminara/apps/web/src/main.ts": {"path":"/Users/markchesser/GITHUB/geometry-video-generator/luminara/apps/web/src/main.ts","all":false,"statementMap":{"0":{"start":{"line":1,"column":0},"end":{"line":1,"column":44}},"1":{"start":{"line":2,"column":0},"end":{"line":2,"column":41}},"3":{"start":{"line":4,"column":0},"end":{"line":4,"column":45}},"4":{"start":{"line":5,"column":0},"end":{"line":5,"column":48}},"5":{"start":{"line":6,"column":0},"end":{"line":6,"column":28}},"6":{"start":{"line":7,"column":0},"end":{"line":7,"column":29}},"7":{"start":{"line":8,"column":0},"end":{"line":8,"column":33}},"8":{"start":{"line":9,"column":0},"end":{"line":9,"column":35}},"9":{"start":{"line":10,"column":0},"end":{"line":10,"column":29}},"11":{"start":{"line":12,"column":0},"end":{"line":12,"column":18}},"12":{"start":{"line":13,"column":0},"end":{"line":13,"column":18}},"14":{"start":{"line":15,"column":0},"end":{"line":15,"column":41}},"15":{"start":{"line":16,"column":0},"end":{"line":16,"column":35}},"16":{"start":{"line":17,"column":0},"end":{"line":17,"column":37}},"17":{"start":{"line":18,"column":0},"end":{"line":18,"column":3}}},"s":{"0":1,"1":1,"3":1,"4":1,"5":1,"6":1,"7":1,"8":1,"9":1,"11":1,"12":1,"14":1,"15":1,"16":1,"17":1},"branchMap":{"0":{"type":"branch","line":15,"loc":{"start":{"line":15,"column":34},"end":{"line":18,"column":3}},"locations":[{"start":{"line":15,"column":34},"end":{"line":18,"column":3}}]}},"b":{"0":[1]},"fnMap":{},"f":{}}
,"/Users/markchesser/GITHUB/geometry-video-generator/luminara/apps/web/src/core/hash.ts": {"path":"/Users/markchesser/GITHUB/geometry-video-generator/luminara/apps/web/src/core/hash.ts","all":false,"statementMap":{"1":{"start":{"line":2,"column":0},"end":{"line":2,"column":47}},"2":{"start":{"line":3,"column":0},"end":{"line":3,"column":38}},"3":{"start":{"line":4,"column":0},"end":{"line":4,"column":38}},"4":{"start":{"line":5,"column":0},"end":{"line":5,"column":25}},"5":{"start":{"line":6,"column":0},"end":{"line":6,"column":31}},"6":{"start":{"line":7,"column":0},"end":{"line":7,"column":3}},"7":{"start":{"line":8,"column":0},"end":{"line":8,"column":17}},"8":{"start":{"line":9,"column":0},"end":{"line":9,"column":1}}},"s":{"1":1,"2":10,"3":10,"4":90,"5":90,"6":90,"7":10,"8":10},"branchMap":{"0":{"type":"branch","line":2,"loc":{"start":{"line":2,"column":7},"end":{"line":9,"column":1}},"locations":[{"start":{"line":2,"column":7},"end":{"line":9,"column":1}}]},"1":{"type":"branch","line":4,"loc":{"start":{"line":4,"column":37},"end":{"line":7,"column":3}},"locations":[{"start":{"line":4,"column":37},"end":{"line":7,"column":3}}]}},"b":{"0":[10],"1":[90]},"fnMap":{"0":{"name":"hashToSeed","decl":{"start":{"line":2,"column":7},"end":{"line":9,"column":1}},"loc":{"start":{"line":2,"column":7},"end":{"line":9,"column":1}},"line":2}},"f":{"0":10}}
,"/Users/markchesser/GITHUB/geometry-video-generator/luminara/apps/web/src/core/params.ts": {"path":"/Users/markchesser/GITHUB/geometry-video-generator/luminara/apps/web/src/core/params.ts","all":false,"statementMap":{"11":{"start":{"line":12,"column":0},"end":{"line":12,"column":43}},"13":{"start":{"line":14,"column":0},"end":{"line":14,"column":41}},"14":{"start":{"line":15,"column":0},"end":{"line":15,"column":11}},"15":{"start":{"line":16,"column":0},"end":{"line":16,"column":29}},"16":{"start":{"line":17,"column":0},"end":{"line":17,"column":17}},"17":{"start":{"line":18,"column":0},"end":{"line":18,"column":16}},"18":{"start":{"line":19,"column":0},"end":{"line":19,"column":16}},"19":{"start":{"line":20,"column":0},"end":{"line":20,"column":13}},"20":{"start":{"line":21,"column":0},"end":{"line":21,"column":18}},"21":{"start":{"line":22,"column":0},"end":{"line":22,"column":4}},"22":{"start":{"line":23,"column":0},"end":{"line":23,"column":1}}},"s":{"11":1,"13":1,"14":32,"15":32,"16":32,"17":32,"18":32,"19":32,"20":32,"21":32,"22":32},"branchMap":{"0":{"type":"branch","line":14,"loc":{"start":{"line":14,"column":7},"end":{"line":23,"column":1}},"locations":[{"start":{"line":14,"column":7},"end":{"line":23,"column":1}}]}},"b":{"0":[32]},"fnMap":{"0":{"name":"defaultParams","decl":{"start":{"line":14,"column":7},"end":{"line":23,"column":1}},"loc":{"start":{"line":14,"column":7},"end":{"line":23,"column":1}},"line":14}},"f":{"0":32}}
,"/Users/markchesser/GITHUB/geometry-video-generator/luminara/apps/web/src/core/themes.ts": {"path":"/Users/markchesser/GITHUB/geometry-video-generator/luminara/apps/web/src/core/themes.ts","all":false,"statementMap":{"2":{"start":{"line":3,"column":0},"end":{"line":3,"column":46}},"3":{"start":{"line":4,"column":0},"end":{"line":4,"column":39}},"4":{"start":{"line":5,"column":0},"end":{"line":5,"column":25}},"5":{"start":{"line":6,"column":0},"end":{"line":6,"column":29}},"6":{"start":{"line":7,"column":0},"end":{"line":7,"column":22}},"7":{"start":{"line":8,"column":0},"end":{"line":8,"column":2}},"9":{"start":{"line":10,"column":0},"end":{"line":10,"column":42}},"10":{"start":{"line":11,"column":0},"end":{"line":11,"column":27}},"11":{"start":{"line":12,"column":0},"end":{"line":12,"column":1}}},"s":{"2":1,"3":1,"4":1,"5":1,"6":1,"7":1,"9":1,"10":33,"11":33},"branchMap":{"0":{"type":"branch","line":10,"loc":{"start":{"line":10,"column":7},"end":{"line":12,"column":1}},"locations":[{"start":{"line":10,"column":7},"end":{"line":12,"column":1}}]}},"b":{"0":[33]},"fnMap":{"0":{"name":"getDefaultTheme","decl":{"start":{"line":10,"column":7},"end":{"line":12,"column":1}},"loc":{"start":{"line":10,"column":7},"end":{"line":12,"column":1}},"line":10}},"f":{"0":33}}
,"/Users/markchesser/GITHUB/geometry-video-generator/luminara/apps/web/src/renderer/boundaries.ts": {"path":"/Users/markchesser/GITHUB/geometry-video-generator/luminara/apps/web/src/renderer/boundaries.ts","all":false,"statementMap":{"0":{"start":{"line":1,"column":0},"end":{"line":1,"column":42}},"4":{"start":{"line":5,"column":0},"end":{"line":5,"column":38}},"5":{"start":{"line":6,"column":0},"end":{"line":6,"column":13}},"6":{"start":{"line":7,"column":0},"end":{"line":7,"column":13}},"7":{"start":{"line":8,"column":0},"end":{"line":8,"column":17}},"8":{"start":{"line":9,"column":0},"end":{"line":9,"column":18}},"9":{"start":{"line":10,"column":0},"end":{"line":10,"column":22}},"10":{"start":{"line":11,"column":0},"end":{"line":11,"column":19}},"11":{"start":{"line":12,"column":0},"end":{"line":12,"column":44}},"12":{"start":{"line":13,"column":0},"end":{"line":13,"column":37}},"13":{"start":{"line":14,"column":0},"end":{"line":14,"column":94}},"15":{"start":{"line":16,"column":0},"end":{"line":16,"column":35}},"16":{"start":{"line":17,"column":0},"end":{"line":17,"column":56}},"17":{"start":{"line":18,"column":0},"end":{"line":18,"column":22}},"18":{"start":{"line":19,"column":0},"end":{"line":19,"column":30}},"19":{"start":{"line":20,"column":0},"end":{"line":20,"column":22}},"20":{"start":{"line":21,"column":0},"end":{"line":21,"column":31}},"22":{"start":{"line":23,"column":0},"end":{"line":23,"column":15}},"23":{"start":{"line":24,"column":0},"end":{"line":24,"column":15}},"24":{"start":{"line":25,"column":0},"end":{"line":25,"column":18}},"26":{"start":{"line":27,"column":0},"end":{"line":27,"column":21}},"27":{"start":{"line":28,"column":0},"end":{"line":28,"column":18}},"29":{"start":{"line":30,"column":0},"end":{"line":30,"column":21}},"30":{"start":{"line":31,"column":0},"end":{"line":31,"column":35}},"31":{"start":{"line":32,"column":0},"end":{"line":32,"column":87}},"32":{"start":{"line":33,"column":0},"end":{"line":33,"column":28}},"33":{"start":{"line":34,"column":0},"end":{"line":34,"column":35}},"34":{"start":{"line":35,"column":0},"end":{"line":35,"column":87}},"35":{"start":{"line":36,"column":0},"end":{"line":36,"column":7}},"37":{"start":{"line":38,"column":0},"end":{"line":38,"column":21}},"38":{"start":{"line":39,"column":0},"end":{"line":39,"column":35}},"39":{"start":{"line":40,"column":0},"end":{"line":40,"column":87}},"40":{"start":{"line":41,"column":0},"end":{"line":41,"column":28}},"41":{"start":{"line":42,"column":0},"end":{"line":42,"column":35}},"42":{"start":{"line":43,"column":0},"end":{"line":43,"column":87}},"43":{"start":{"line":44,"column":0},"end":{"line":44,"column":7}},"44":{"start":{"line":45,"column":0},"end":{"line":45,"column":12}},"46":{"start":{"line":47,"column":0},"end":{"line":47,"column":16}},"48":{"start":{"line":49,"column":0},"end":{"line":49,"column":21}},"49":{"start":{"line":50,"column":0},"end":{"line":50,"column":47}},"50":{"start":{"line":51,"column":0},"end":{"line":51,"column":57}},"51":{"start":{"line":52,"column":0},"end":{"line":52,"column":28}},"52":{"start":{"line":53,"column":0},"end":{"line":53,"column":47}},"53":{"start":{"line":54,"column":0},"end":{"line":54,"column":57}},"54":{"start":{"line":55,"column":0},"end":{"line":55,"column":7}},"56":{"start":{"line":57,"column":0},"end":{"line":57,"column":21}},"57":{"start":{"line":58,"column":0},"end":{"line":58,"column":47}},"58":{"start":{"line":59,"column":0},"end":{"line":59,"column":57}},"59":{"start":{"line":60,"column":0},"end":{"line":60,"column":28}},"60":{"start":{"line":61,"column":0},"end":{"line":61,"column":47}},"61":{"start":{"line":62,"column":0},"end":{"line":62,"column":57}},"62":{"start":{"line":63,"column":0},"end":{"line":63,"column":7}},"63":{"start":{"line":64,"column":0},"end":{"line":64,"column":12}},"65":{"start":{"line":66,"column":0},"end":{"line":66,"column":16}},"66":{"start":{"line":67,"column":0},"end":{"line":67,"column":36}},"67":{"start":{"line":68,"column":0},"end":{"line":68,"column":55}},"68":{"start":{"line":69,"column":0},"end":{"line":69,"column":55}},"69":{"start":{"line":70,"column":0},"end":{"line":70,"column":57}},"71":{"start":{"line":72,"column":0},"end":{"line":72,"column":31}},"73":{"start":{"line":74,"column":0},"end":{"line":74,"column":48}},"74":{"start":{"line":75,"column":0},"end":{"line":75,"column":79}},"75":{"start":{"line":76,"column":0},"end":{"line":76,"column":7}},"76":{"start":{"line":77,"column":0},"end":{"line":77,"column":12}},"77":{"start":{"line":78,"column":0},"end":{"line":78,"column":3}},"79":{"start":{"line":80,"column":0},"end":{"line":80,"column":37}},"80":{"start":{"line":81,"column":0},"end":{"line":81,"column":1}}},"s":{"0":1,"4":1,"5":82,"6":82,"7":82,"8":82,"9":82,"10":82,"11":82,"12":82,"13":82,"15":82,"16":82,"17":82,"18":82,"19":82,"20":82,"22":82,"23":82,"24":82,"26":82,"27":82,"29":82,"30":6,"31":6,"32":82,"33":10,"34":10,"35":10,"37":82,"38":8,"39":8,"40":82,"41":23,"42":23,"43":23,"44":82,"46":82,"48":0,"49":0,"50":0,"51":0,"52":0,"53":0,"54":0,"56":0,"57":0,"58":0,"59":0,"60":0,"61":0,"62":0,"63":0,"65":82,"66":0,"67":0,"68":0,"69":0,"71":0,"73":0,"74":0,"75":0,"76":0,"77":82,"79":82,"80":82},"branchMap":{"0":{"type":"branch","line":5,"loc":{"start":{"line":5,"column":7},"end":{"line":81,"column":1}},"locations":[{"start":{"line":5,"column":7},"end":{"line":81,"column":1}}]},"1":{"type":"branch","line":30,"loc":{"start":{"line":30,"column":20},"end":{"line":33,"column":17}},"locations":[{"start":{"line":30,"column":20},"end":{"line":33,"column":17}}]},"2":{"type":"branch","line":33,"loc":{"start":{"line":33,"column":6},"end":{"line":36,"column":7}},"locations":[{"start":{"line":33,"column":6},"end":{"line":36,"column":7}}]},"3":{"type":"branch","line":33,"loc":{"start":{"line":33,"column":27},"end":{"line":36,"column":7}},"locations":[{"start":{"line":33,"column":27},"end":{"line":36,"column":7}}]},"4":{"type":"branch","line":38,"loc":{"start":{"line":38,"column":20},"end":{"line":41,"column":17}},"locations":[{"start":{"line":38,"column":20},"end":{"line":41,"column":17}}]},"5":{"type":"branch","line":41,"loc":{"start":{"line":41,"column":6},"end":{"line":44,"column":7}},"locations":[{"start":{"line":41,"column":6},"end":{"line":44,"column":7}}]},"6":{"type":"branch","line":41,"loc":{"start":{"line":41,"column":27},"end":{"line":44,"column":7}},"locations":[{"start":{"line":41,"column":27},"end":{"line":44,"column":7}}]},"7":{"type":"branch","line":47,"loc":{"start":{"line":47,"column":4},"end":{"line":64,"column":12}},"locations":[{"start":{"line":47,"column":4},"end":{"line":64,"column":12}}]},"8":{"type":"branch","line":66,"loc":{"start":{"line":66,"column":4},"end":{"line":77,"column":12}},"locations":[{"start":{"line":66,"column":4},"end":{"line":77,"column":12}}]}},"b":{"0":[82],"1":[6],"2":[76],"3":[10],"4":[8],"5":[74],"6":[23],"7":[0],"8":[0]},"fnMap":{"0":{"name":"applyBoundaryBehavior","decl":{"start":{"line":5,"column":7},"end":{"line":81,"column":1}},"loc":{"start":{"line":5,"column":7},"end":{"line":81,"column":1}},"line":5}},"f":{"0":82}}
,"/Users/markchesser/GITHUB/geometry-video-generator/luminara/apps/web/src/renderer/loop.ts": {"path":"/Users/markchesser/GITHUB/geometry-video-generator/luminara/apps/web/src/renderer/loop.ts","all":false,"statementMap":{"0":{"start":{"line":1,"column":0},"end":{"line":1,"column":47}},"1":{"start":{"line":2,"column":0},"end":{"line":2,"column":57}},"3":{"start":{"line":4,"column":0},"end":{"line":4,"column":54}},"4":{"start":{"line":5,"column":0},"end":{"line":5,"column":38}},"5":{"start":{"line":6,"column":0},"end":{"line":6,"column":19}},"7":{"start":{"line":8,"column":0},"end":{"line":8,"column":32}},"8":{"start":{"line":9,"column":0},"end":{"line":9,"column":33}},"10":{"start":{"line":11,"column":0},"end":{"line":11,"column":31}},"11":{"start":{"line":12,"column":0},"end":{"line":12,"column":35}},"13":{"start":{"line":14,"column":0},"end":{"line":14,"column":45}},"14":{"start":{"line":15,"column":0},"end":{"line":15,"column":44}},"15":{"start":{"line":16,"column":0},"end":{"line":16,"column":12}},"17":{"start":{"line":18,"column":0},"end":{"line":18,"column":50}},"18":{"start":{"line":19,"column":0},"end":{"line":19,"column":42}},"19":{"start":{"line":20,"column":0},"end":{"line":20,"column":55}},"20":{"start":{"line":21,"column":0},"end":{"line":21,"column":5}},"22":{"start":{"line":23,"column":0},"end":{"line":23,"column":33}},"23":{"start":{"line":24,"column":0},"end":{"line":24,"column":3}},"25":{"start":{"line":26,"column":0},"end":{"line":26,"column":31}},"26":{"start":{"line":27,"column":0},"end":{"line":27,"column":1}}},"s":{"0":1,"1":1,"3":1,"4":4,"5":4,"7":2,"8":2,"10":2,"11":1,"13":1,"14":1,"15":1,"17":0,"18":0,"19":0,"20":0,"22":1,"23":1,"25":2,"26":2},"branchMap":{"0":{"type":"branch","line":4,"loc":{"start":{"line":4,"column":7},"end":{"line":27,"column":1}},"locations":[{"start":{"line":4,"column":7},"end":{"line":27,"column":1}}]},"1":{"type":"branch","line":6,"loc":{"start":{"line":6,"column":12},"end":{"line":27,"column":1}},"locations":[{"start":{"line":6,"column":12},"end":{"line":27,"column":1}}]},"2":{"type":"branch","line":11,"loc":{"start":{"line":11,"column":2},"end":{"line":24,"column":3}},"locations":[{"start":{"line":11,"column":2},"end":{"line":24,"column":3}}]},"3":{"type":"branch","line":16,"loc":{"start":{"line":16,"column":4},"end":{"line":21,"column":5}},"locations":[{"start":{"line":16,"column":4},"end":{"line":21,"column":5}}]}},"b":{"0":[4],"1":[2],"2":[1],"3":[0]},"fnMap":{"0":{"name":"startLoop","decl":{"start":{"line":4,"column":7},"end":{"line":27,"column":1}},"loc":{"start":{"line":4,"column":7},"end":{"line":27,"column":1}},"line":4},"1":{"name":"frame","decl":{"start":{"line":11,"column":2},"end":{"line":24,"column":3}},"loc":{"start":{"line":11,"column":2},"end":{"line":24,"column":3}},"line":11}},"f":{"0":4,"1":1}}
,"/Users/markchesser/GITHUB/geometry-video-generator/luminara/apps/web/src/renderer/sacred-geometry.ts": {"path":"/Users/markchesser/GITHUB/geometry-video-generator/luminara/apps/web/src/renderer/sacred-geometry.ts","all":false,"statementMap":{"1":{"start":{"line":2,"column":0},"end":{"line":2,"column":9}},"14":{"start":{"line":15,"column":0},"end":{"line":15,"column":42}},"16":{"start":{"line":17,"column":0},"end":{"line":17,"column":185}},"17":{"start":{"line":18,"column":0},"end":{"line":18,"column":28}},"18":{"start":{"line":19,"column":0},"end":{"line":19,"column":30}},"20":{"start":{"line":21,"column":0},"end":{"line":21,"column":96}},"21":{"start":{"line":22,"column":0},"end":{"line":22,"column":59}},"23":{"start":{"line":24,"column":0},"end":{"line":24,"column":46}},"24":{"start":{"line":25,"column":0},"end":{"line":25,"column":55}},"25":{"start":{"line":26,"column":0},"end":{"line":26,"column":97}},"27":{"start":{"line":28,"column":0},"end":{"line":28,"column":29}},"29":{"start":{"line":30,"column":0},"end":{"line":30,"column":51}},"30":{"start":{"line":31,"column":0},"end":{"line":31,"column":75}},"32":{"start":{"line":33,"column":0},"end":{"line":33,"column":43}},"33":{"start":{"line":34,"column":0},"end":{"line":34,"column":88}},"34":{"start":{"line":35,"column":0},"end":{"line":35,"column":49}},"35":{"start":{"line":36,"column":0},"end":{"line":36,"column":85}},"36":{"start":{"line":37,"column":0},"end":{"line":37,"column":83}},"38":{"start":{"line":39,"column":0},"end":{"line":39,"column":60}},"39":{"start":{"line":40,"column":0},"end":{"line":40,"column":5}},"40":{"start":{"line":41,"column":0},"end":{"line":41,"column":10}},"42":{"start":{"line":43,"column":0},"end":{"line":43,"column":75}},"44":{"start":{"line":45,"column":0},"end":{"line":45,"column":43}},"45":{"start":{"line":46,"column":0},"end":{"line":46,"column":80}},"46":{"start":{"line":47,"column":0},"end":{"line":47,"column":63}},"48":{"start":{"line":49,"column":0},"end":{"line":49,"column":54}},"49":{"start":{"line":50,"column":0},"end":{"line":50,"column":48}},"52":{"start":{"line":53,"column":0},"end":{"line":53,"column":86}},"53":{"start":{"line":54,"column":0},"end":{"line":54,"column":104}},"55":{"start":{"line":56,"column":0},"end":{"line":56,"column":64}},"58":{"start":{"line":59,"column":0},"end":{"line":59,"column":64}},"59":{"start":{"line":60,"column":0},"end":{"line":60,"column":116}},"60":{"start":{"line":61,"column":0},"end":{"line":61,"column":60}},"61":{"start":{"line":62,"column":0},"end":{"line":62,"column":5}},"62":{"start":{"line":63,"column":0},"end":{"line":63,"column":3}},"63":{"start":{"line":64,"column":0},"end":{"line":64,"column":1}},"65":{"start":{"line":66,"column":0},"end":{"line":66,"column":119}},"66":{"start":{"line":67,"column":0},"end":{"line":67,"column":20}},"67":{"start":{"line":68,"column":0},"end":{"line":68,"column":26}},"68":{"start":{"line":69,"column":0},"end":{"line":69,"column":48}},"69":{"start":{"line":70,"column":0},"end":{"line":70,"column":12}},"70":{"start":{"line":71,"column":0},"end":{"line":71,"column":24}},"71":{"start":{"line":72,"column":0},"end":{"line":72,"column":46}},"72":{"start":{"line":73,"column":0},"end":{"line":73,"column":12}},"73":{"start":{"line":74,"column":0},"end":{"line":74,"column":26}},"74":{"start":{"line":75,"column":0},"end":{"line":75,"column":49}},"75":{"start":{"line":76,"column":0},"end":{"line":76,"column":12}},"76":{"start":{"line":77,"column":0},"end":{"line":77,"column":22}},"77":{"start":{"line":78,"column":0},"end":{"line":78,"column":45}},"78":{"start":{"line":79,"column":0},"end":{"line":79,"column":12}},"79":{"start":{"line":80,"column":0},"end":{"line":80,"column":25}},"80":{"start":{"line":81,"column":0},"end":{"line":81,"column":48}},"81":{"start":{"line":82,"column":0},"end":{"line":82,"column":12}},"82":{"start":{"line":83,"column":0},"end":{"line":83,"column":24}},"83":{"start":{"line":84,"column":0},"end":{"line":84,"column":46}},"84":{"start":{"line":85,"column":0},"end":{"line":85,"column":12}},"85":{"start":{"line":86,"column":0},"end":{"line":86,"column":25}},"86":{"start":{"line":87,"column":0},"end":{"line":87,"column":48}},"87":{"start":{"line":88,"column":0},"end":{"line":88,"column":12}},"88":{"start":{"line":89,"column":0},"end":{"line":89,"column":19}},"89":{"start":{"line":90,"column":0},"end":{"line":90,"column":43}},"90":{"start":{"line":91,"column":0},"end":{"line":91,"column":12}},"91":{"start":{"line":92,"column":0},"end":{"line":92,"column":20}},"92":{"start":{"line":93,"column":0},"end":{"line":93,"column":44}},"93":{"start":{"line":94,"column":0},"end":{"line":94,"column":12}},"94":{"start":{"line":95,"column":0},"end":{"line":95,"column":21}},"95":{"start":{"line":96,"column":0},"end":{"line":96,"column":45}},"96":{"start":{"line":97,"column":0},"end":{"line":97,"column":12}},"97":{"start":{"line":98,"column":0},"end":{"line":98,"column":3}},"98":{"start":{"line":99,"column":0},"end":{"line":99,"column":1}}},"s":{"1":1,"14":1,"16":1,"17":1,"18":1,"20":1,"21":25,"23":25,"24":25,"25":25,"27":25,"29":0,"30":0,"32":0,"33":0,"34":0,"35":0,"36":0,"38":0,"39":0,"40":25,"42":25,"44":25,"45":25,"46":25,"48":25,"49":25,"52":25,"53":8,"55":25,"58":25,"59":8,"60":8,"61":8,"62":25,"63":25,"65":33,"66":33,"67":33,"68":1,"69":1,"70":33,"71":3,"72":3,"73":33,"74":1,"75":1,"76":33,"77":1,"78":1,"79":33,"80":1,"81":1,"82":33,"83":1,"84":1,"85":33,"86":2,"87":2,"88":33,"89":3,"90":3,"91":33,"92":8,"93":8,"94":33,"95":11,"96":11,"97":33,"98":33},"branchMap":{"0":{"type":"branch","line":21,"loc":{"start":{"line":21,"column":7},"end":{"line":64,"column":1}},"locations":[{"start":{"line":21,"column":7},"end":{"line":64,"column":1}}]},"1":{"type":"branch","line":28,"loc":{"start":{"line":28,"column":28},"end":{"line":41,"column":9}},"locations":[{"start":{"line":28,"column":28},"end":{"line":41,"column":9}}]},"2":{"type":"branch","line":53,"loc":{"start":{"line":53,"column":57},"end":{"line":53,"column":86}},"locations":[{"start":{"line":53,"column":57},"end":{"line":53,"column":86}}]},"3":{"type":"branch","line":53,"loc":{"start":{"line":53,"column":80},"end":{"line":54,"column":104}},"locations":[{"start":{"line":53,"column":80},"end":{"line":54,"column":104}}]},"4":{"type":"branch","line":59,"loc":{"start":{"line":59,"column":63},"end":{"line":62,"column":5}},"locations":[{"start":{"line":59,"column":63},"end":{"line":62,"column":5}}]},"5":{"type":"branch","line":43,"loc":{"start":{"line":43,"column":44},"end":{"line":43,"column":73}},"locations":[{"start":{"line":43,"column":44},"end":{"line":43,"column":73}}]},"6":{"type":"branch","line":66,"loc":{"start":{"line":66,"column":0},"end":{"line":99,"column":1}},"locations":[{"start":{"line":66,"column":0},"end":{"line":99,"column":1}}]},"7":{"type":"branch","line":68,"loc":{"start":{"line":68,"column":4},"end":{"line":70,"column":12}},"locations":[{"start":{"line":68,"column":4},"end":{"line":70,"column":12}}]},"8":{"type":"branch","line":71,"loc":{"start":{"line":71,"column":4},"end":{"line":73,"column":12}},"locations":[{"start":{"line":71,"column":4},"end":{"line":73,"column":12}}]},"9":{"type":"branch","line":74,"loc":{"start":{"line":74,"column":4},"end":{"line":76,"column":12}},"locations":[{"start":{"line":74,"column":4},"end":{"line":76,"column":12}}]},"10":{"type":"branch","line":77,"loc":{"start":{"line":77,"column":4},"end":{"line":79,"column":12}},"locations":[{"start":{"line":77,"column":4},"end":{"line":79,"column":12}}]},"11":{"type":"branch","line":80,"loc":{"start":{"line":80,"column":4},"end":{"line":82,"column":12}},"locations":[{"start":{"line":80,"column":4},"end":{"line":82,"column":12}}]},"12":{"type":"branch","line":83,"loc":{"start":{"line":83,"column":4},"end":{"line":85,"column":12}},"locations":[{"start":{"line":83,"column":4},"end":{"line":85,"column":12}}]},"13":{"type":"branch","line":86,"loc":{"start":{"line":86,"column":4},"end":{"line":88,"column":12}},"locations":[{"start":{"line":86,"column":4},"end":{"line":88,"column":12}}]},"14":{"type":"branch","line":89,"loc":{"start":{"line":89,"column":4},"end":{"line":91,"column":12}},"locations":[{"start":{"line":89,"column":4},"end":{"line":91,"column":12}}]},"15":{"type":"branch","line":92,"loc":{"start":{"line":92,"column":4},"end":{"line":94,"column":12}},"locations":[{"start":{"line":92,"column":4},"end":{"line":94,"column":12}}]},"16":{"type":"branch","line":95,"loc":{"start":{"line":95,"column":4},"end":{"line":97,"column":12}},"locations":[{"start":{"line":95,"column":4},"end":{"line":97,"column":12}}]}},"b":{"0":[25],"1":[0],"2":[17],"3":[8],"4":[8],"5":[225],"6":[33],"7":[1],"8":[3],"9":[1],"10":[1],"11":[1],"12":[1],"13":[2],"14":[3],"15":[8],"16":[11]},"fnMap":{"0":{"name":"renderSacredGeometry","decl":{"start":{"line":21,"column":7},"end":{"line":64,"column":1}},"loc":{"start":{"line":21,"column":7},"end":{"line":64,"column":1}},"line":21},"1":{"name":"renderPattern","decl":{"start":{"line":66,"column":0},"end":{"line":99,"column":1}},"loc":{"start":{"line":66,"column":0},"end":{"line":99,"column":1}},"line":66}},"f":{"0":25,"1":33}}
,"/Users/markchesser/GITHUB/geometry-video-generator/luminara/apps/web/src/renderer/patterns/flower-of-life.ts": {"path":"/Users/markchesser/GITHUB/geometry-video-generator/luminara/apps/web/src/renderer/patterns/flower-of-life.ts","all":false,"statementMap":{"1":{"start":{"line":2,"column":0},"end":{"line":2,"column":45}},"2":{"start":{"line":3,"column":0},"end":{"line":3,"column":54}},"4":{"start":{"line":5,"column":0},"end":{"line":5,"column":113}},"5":{"start":{"line":6,"column":0},"end":{"line":6,"column":39}},"6":{"start":{"line":7,"column":0},"end":{"line":7,"column":45}},"7":{"start":{"line":8,"column":0},"end":{"line":8,"column":47}},"8":{"start":{"line":9,"column":0},"end":{"line":9,"column":40}},"9":{"start":{"line":10,"column":0},"end":{"line":10,"column":47}},"10":{"start":{"line":11,"column":0},"end":{"line":11,"column":81}},"11":{"start":{"line":12,"column":0},"end":{"line":12,"column":88}},"13":{"start":{"line":14,"column":0},"end":{"line":14,"column":65}},"14":{"start":{"line":15,"column":0},"end":{"line":15,"column":73}},"15":{"start":{"line":16,"column":0},"end":{"line":16,"column":85}},"17":{"start":{"line":18,"column":0},"end":{"line":18,"column":102}},"18":{"start":{"line":19,"column":0},"end":{"line":19,"column":29}},"19":{"start":{"line":20,"column":0},"end":{"line":20,"column":29}},"20":{"start":{"line":21,"column":0},"end":{"line":21,"column":26}},"22":{"start":{"line":23,"column":0},"end":{"line":23,"column":85}},"23":{"start":{"line":24,"column":0},"end":{"line":24,"column":66}},"24":{"start":{"line":25,"column":0},"end":{"line":25,"column":60}},"26":{"start":{"line":27,"column":0},"end":{"line":27,"column":13}},"27":{"start":{"line":28,"column":0},"end":{"line":28,"column":26}},"28":{"start":{"line":29,"column":0},"end":{"line":29,"column":34}},"29":{"start":{"line":30,"column":0},"end":{"line":30,"column":23}},"30":{"start":{"line":31,"column":0},"end":{"line":31,"column":44}},"32":{"start":{"line":33,"column":0},"end":{"line":33,"column":51}},"33":{"start":{"line":34,"column":0},"end":{"line":34,"column":44}},"34":{"start":{"line":35,"column":0},"end":{"line":35,"column":32}},"37":{"start":{"line":38,"column":0},"end":{"line":38,"column":52}},"38":{"start":{"line":39,"column":0},"end":{"line":39,"column":18}},"39":{"start":{"line":40,"column":0},"end":{"line":40,"column":58}},"40":{"start":{"line":41,"column":0},"end":{"line":41,"column":15}},"43":{"start":{"line":44,"column":0},"end":{"line":44,"column":45}},"44":{"start":{"line":45,"column":0},"end":{"line":45,"column":54}},"45":{"start":{"line":46,"column":0},"end":{"line":46,"column":70}},"46":{"start":{"line":47,"column":0},"end":{"line":47,"column":71}},"48":{"start":{"line":49,"column":0},"end":{"line":49,"column":41}},"49":{"start":{"line":50,"column":0},"end":{"line":50,"column":41}},"51":{"start":{"line":52,"column":0},"end":{"line":52,"column":72}},"52":{"start":{"line":53,"column":0},"end":{"line":53,"column":63}},"54":{"start":{"line":55,"column":0},"end":{"line":55,"column":20}},"55":{"start":{"line":56,"column":0},"end":{"line":56,"column":64}},"56":{"start":{"line":57,"column":0},"end":{"line":57,"column":17}},"57":{"start":{"line":58,"column":0},"end":{"line":58,"column":3}},"59":{"start":{"line":60,"column":0},"end":{"line":60,"column":16}},"60":{"start":{"line":61,"column":0},"end":{"line":61,"column":1}}},"s":{"1":1,"2":1,"4":1,"5":6,"6":6,"7":6,"8":6,"9":6,"10":6,"11":6,"13":6,"14":6,"15":6,"17":6,"18":6,"19":6,"20":6,"22":6,"23":6,"24":6,"26":6,"27":6,"28":6,"29":6,"30":6,"32":6,"33":6,"34":6,"37":6,"38":6,"39":6,"40":6,"43":6,"44":36,"45":36,"46":36,"48":36,"49":36,"51":36,"52":36,"54":36,"55":36,"56":36,"57":36,"59":6,"60":6},"branchMap":{"0":{"type":"branch","line":5,"loc":{"start":{"line":5,"column":7},"end":{"line":61,"column":1}},"locations":[{"start":{"line":5,"column":7},"end":{"line":61,"column":1}}]},"1":{"type":"branch","line":44,"loc":{"start":{"line":44,"column":44},"end":{"line":58,"column":3}},"locations":[{"start":{"line":44,"column":44},"end":{"line":58,"column":3}}]}},"b":{"0":[6],"1":[36]},"fnMap":{"0":{"name":"renderFlowerOfLife","decl":{"start":{"line":5,"column":7},"end":{"line":61,"column":1}},"loc":{"start":{"line":5,"column":7},"end":{"line":61,"column":1}},"line":5}},"f":{"0":6}}
,"/Users/markchesser/GITHUB/geometry-video-generator/luminara/apps/web/src/renderer/patterns/golden-spiral.ts": {"path":"/Users/markchesser/GITHUB/geometry-video-generator/luminara/apps/web/src/renderer/patterns/golden-spiral.ts","all":false,"statementMap":{"1":{"start":{"line":2,"column":0},"end":{"line":2,"column":45}},"2":{"start":{"line":3,"column":0},"end":{"line":3,"column":54}},"4":{"start":{"line":5,"column":0},"end":{"line":5,"column":113}},"5":{"start":{"line":6,"column":0},"end":{"line":6,"column":39}},"6":{"start":{"line":7,"column":0},"end":{"line":7,"column":45}},"7":{"start":{"line":8,"column":0},"end":{"line":8,"column":46}},"8":{"start":{"line":9,"column":0},"end":{"line":9,"column":73}},"9":{"start":{"line":10,"column":0},"end":{"line":10,"column":70}},"11":{"start":{"line":12,"column":0},"end":{"line":12,"column":61}},"12":{"start":{"line":13,"column":0},"end":{"line":13,"column":95}},"13":{"start":{"line":14,"column":0},"end":{"line":14,"column":29}},"14":{"start":{"line":15,"column":0},"end":{"line":15,"column":29}},"15":{"start":{"line":16,"column":0},"end":{"line":16,"column":26}},"17":{"start":{"line":18,"column":0},"end":{"line":18,"column":13}},"18":{"start":{"line":19,"column":0},"end":{"line":19,"column":26}},"19":{"start":{"line":20,"column":0},"end":{"line":20,"column":34}},"20":{"start":{"line":21,"column":0},"end":{"line":21,"column":23}},"22":{"start":{"line":23,"column":0},"end":{"line":23,"column":34}},"23":{"start":{"line":24,"column":0},"end":{"line":24,"column":44}},"24":{"start":{"line":25,"column":0},"end":{"line":25,"column":40}},"26":{"start":{"line":27,"column":0},"end":{"line":27,"column":20}},"27":{"start":{"line":28,"column":0},"end":{"line":28,"column":18}},"28":{"start":{"line":29,"column":0},"end":{"line":29,"column":33}},"29":{"start":{"line":30,"column":0},"end":{"line":30,"column":26}},"30":{"start":{"line":31,"column":0},"end":{"line":31,"column":60}},"31":{"start":{"line":32,"column":0},"end":{"line":32,"column":39}},"32":{"start":{"line":33,"column":0},"end":{"line":33,"column":39}},"33":{"start":{"line":34,"column":0},"end":{"line":34,"column":34}},"34":{"start":{"line":35,"column":0},"end":{"line":35,"column":26}},"35":{"start":{"line":36,"column":0},"end":{"line":36,"column":3}},"36":{"start":{"line":37,"column":0},"end":{"line":37,"column":15}},"38":{"start":{"line":39,"column":0},"end":{"line":39,"column":16}},"39":{"start":{"line":40,"column":0},"end":{"line":40,"column":1}}},"s":{"1":1,"2":1,"4":1,"5":3,"6":3,"7":3,"8":3,"9":3,"11":3,"12":3,"13":3,"14":3,"15":3,"17":3,"18":3,"19":3,"20":3,"22":3,"23":3,"24":3,"26":3,"27":3,"28":3,"29":300,"30":300,"31":300,"32":300,"33":300,"34":297,"35":300,"36":3,"38":3,"39":3},"branchMap":{"0":{"type":"branch","line":5,"loc":{"start":{"line":5,"column":7},"end":{"line":40,"column":1}},"locations":[{"start":{"line":5,"column":7},"end":{"line":40,"column":1}}]},"1":{"type":"branch","line":29,"loc":{"start":{"line":29,"column":32},"end":{"line":36,"column":3}},"locations":[{"start":{"line":29,"column":32},"end":{"line":36,"column":3}}]},"2":{"type":"branch","line":34,"loc":{"start":{"line":34,"column":17},"end":{"line":34,"column":34}},"locations":[{"start":{"line":34,"column":17},"end":{"line":34,"column":34}}]},"3":{"type":"branch","line":34,"loc":{"start":{"line":34,"column":32},"end":{"line":35,"column":26}},"locations":[{"start":{"line":34,"column":32},"end":{"line":35,"column":26}}]}},"b":{"0":[3],"1":[300],"2":[3],"3":[297]},"fnMap":{"0":{"name":"renderGoldenSpiral","decl":{"start":{"line":5,"column":7},"end":{"line":40,"column":1}},"loc":{"start":{"line":5,"column":7},"end":{"line":40,"column":1}},"line":5}},"f":{"0":3}}
,"/Users/markchesser/GITHUB/geometry-video-generator/luminara/apps/web/src/renderer/patterns/hexagram.ts": {"path":"/Users/markchesser/GITHUB/geometry-video-generator/luminara/apps/web/src/renderer/patterns/hexagram.ts","all":false,"statementMap":{"1":{"start":{"line":2,"column":0},"end":{"line":2,"column":45}},"2":{"start":{"line":3,"column":0},"end":{"line":3,"column":54}},"4":{"start":{"line":5,"column":0},"end":{"line":5,"column":109}},"5":{"start":{"line":6,"column":0},"end":{"line":6,"column":39}},"6":{"start":{"line":7,"column":0},"end":{"line":7,"column":47}},"7":{"start":{"line":8,"column":0},"end":{"line":8,"column":46}},"8":{"start":{"line":9,"column":0},"end":{"line":9,"column":74}},"9":{"start":{"line":10,"column":0},"end":{"line":10,"column":76}},"11":{"start":{"line":12,"column":0},"end":{"line":12,"column":61}},"12":{"start":{"line":13,"column":0},"end":{"line":13,"column":90}},"13":{"start":{"line":14,"column":0},"end":{"line":14,"column":29}},"14":{"start":{"line":15,"column":0},"end":{"line":15,"column":29}},"15":{"start":{"line":16,"column":0},"end":{"line":16,"column":26}},"17":{"start":{"line":18,"column":0},"end":{"line":18,"column":13}},"18":{"start":{"line":19,"column":0},"end":{"line":19,"column":26}},"19":{"start":{"line":20,"column":0},"end":{"line":20,"column":34}},"20":{"start":{"line":21,"column":0},"end":{"line":21,"column":23}},"22":{"start":{"line":23,"column":0},"end":{"line":23,"column":35}},"23":{"start":{"line":24,"column":0},"end":{"line":24,"column":44}},"24":{"start":{"line":25,"column":0},"end":{"line":25,"column":40}},"26":{"start":{"line":27,"column":0},"end":{"line":27,"column":37}},"27":{"start":{"line":28,"column":0},"end":{"line":28,"column":15}},"28":{"start":{"line":29,"column":0},"end":{"line":29,"column":30}},"30":{"start":{"line":31,"column":0},"end":{"line":31,"column":20}},"31":{"start":{"line":32,"column":0},"end":{"line":32,"column":33}},"32":{"start":{"line":33,"column":0},"end":{"line":33,"column":56}},"33":{"start":{"line":34,"column":0},"end":{"line":34,"column":39}},"34":{"start":{"line":35,"column":0},"end":{"line":35,"column":39}},"35":{"start":{"line":36,"column":0},"end":{"line":36,"column":36}},"36":{"start":{"line":37,"column":0},"end":{"line":37,"column":28}},"37":{"start":{"line":38,"column":0},"end":{"line":38,"column":5}},"38":{"start":{"line":39,"column":0},"end":{"line":39,"column":20}},"39":{"start":{"line":40,"column":0},"end":{"line":40,"column":17}},"40":{"start":{"line":41,"column":0},"end":{"line":41,"column":18}},"41":{"start":{"line":42,"column":0},"end":{"line":42,"column":3}},"43":{"start":{"line":44,"column":0},"end":{"line":44,"column":16}},"44":{"start":{"line":45,"column":0},"end":{"line":45,"column":1}}},"s":{"1":1,"2":1,"4":1,"5":9,"6":9,"7":9,"8":9,"9":9,"11":9,"12":9,"13":9,"14":9,"15":9,"17":9,"18":9,"19":9,"20":9,"22":9,"23":9,"24":9,"26":9,"27":18,"28":18,"30":18,"31":18,"32":54,"33":54,"34":54,"35":54,"36":36,"37":54,"38":18,"39":18,"40":18,"41":18,"43":9,"44":9},"branchMap":{"0":{"type":"branch","line":5,"loc":{"start":{"line":5,"column":7},"end":{"line":45,"column":1}},"locations":[{"start":{"line":5,"column":7},"end":{"line":45,"column":1}}]},"1":{"type":"branch","line":27,"loc":{"start":{"line":27,"column":36},"end":{"line":42,"column":3}},"locations":[{"start":{"line":27,"column":36},"end":{"line":42,"column":3}}]},"2":{"type":"branch","line":32,"loc":{"start":{"line":32,"column":32},"end":{"line":38,"column":5}},"locations":[{"start":{"line":32,"column":32},"end":{"line":38,"column":5}}]},"3":{"type":"branch","line":36,"loc":{"start":{"line":36,"column":19},"end":{"line":36,"column":36}},"locations":[{"start":{"line":36,"column":19},"end":{"line":36,"column":36}}]},"4":{"type":"branch","line":36,"loc":{"start":{"line":36,"column":34},"end":{"line":37,"column":28}},"locations":[{"start":{"line":36,"column":34},"end":{"line":37,"column":28}}]}},"b":{"0":[9],"1":[18],"2":[54],"3":[18],"4":[36]},"fnMap":{"0":{"name":"renderHexagram","decl":{"start":{"line":5,"column":7},"end":{"line":45,"column":1}},"loc":{"start":{"line":5,"column":7},"end":{"line":45,"column":1}},"line":5}},"f":{"0":9}}
,"/Users/markchesser/GITHUB/geometry-video-generator/luminara/apps/web/src/renderer/patterns/index.ts": {"path":"/Users/markchesser/GITHUB/geometry-video-generator/luminara/apps/web/src/renderer/patterns/index.ts","all":false,"statementMap":{"3":{"start":{"line":4,"column":0},"end":{"line":4,"column":54}},"4":{"start":{"line":5,"column":0},"end":{"line":5,"column":50}},"5":{"start":{"line":6,"column":0},"end":{"line":6,"column":55}},"6":{"start":{"line":7,"column":0},"end":{"line":7,"column":47}},"7":{"start":{"line":8,"column":0},"end":{"line":8,"column":53}},"8":{"start":{"line":9,"column":0},"end":{"line":9,"column":50}},"9":{"start":{"line":10,"column":0},"end":{"line":10,"column":53}},"10":{"start":{"line":11,"column":0},"end":{"line":11,"column":42}},"11":{"start":{"line":12,"column":0},"end":{"line":12,"column":44}},"12":{"start":{"line":13,"column":0},"end":{"line":13,"column":46}}},"s":{"3":1,"4":1,"5":1,"6":1,"7":1,"8":1,"9":1,"10":1,"11":1,"12":1},"branchMap":{},"b":{},"fnMap":{},"f":{}}
,"/Users/markchesser/GITHUB/geometry-video-generator/luminara/apps/web/src/renderer/patterns/mandala.ts": {"path":"/Users/markchesser/GITHUB/geometry-video-generator/luminara/apps/web/src/renderer/patterns/mandala.ts","all":false,"statementMap":{"1":{"start":{"line":2,"column":0},"end":{"line":2,"column":45}},"2":{"start":{"line":3,"column":0},"end":{"line":3,"column":54}},"4":{"start":{"line":5,"column":0},"end":{"line":5,"column":108}},"5":{"start":{"line":6,"column":0},"end":{"line":6,"column":39}},"6":{"start":{"line":7,"column":0},"end":{"line":7,"column":46}},"7":{"start":{"line":8,"column":0},"end":{"line":8,"column":46}},"8":{"start":{"line":9,"column":0},"end":{"line":9,"column":73}},"9":{"start":{"line":10,"column":0},"end":{"line":10,"column":75}},"11":{"start":{"line":12,"column":0},"end":{"line":12,"column":63}},"12":{"start":{"line":13,"column":0},"end":{"line":13,"column":91}},"13":{"start":{"line":14,"column":0},"end":{"line":14,"column":29}},"14":{"start":{"line":15,"column":0},"end":{"line":15,"column":29}},"15":{"start":{"line":16,"column":0},"end":{"line":16,"column":26}},"17":{"start":{"line":18,"column":0},"end":{"line":18,"column":13}},"18":{"start":{"line":19,"column":0},"end":{"line":19,"column":26}},"19":{"start":{"line":20,"column":0},"end":{"line":20,"column":34}},"20":{"start":{"line":21,"column":0},"end":{"line":21,"column":23}},"22":{"start":{"line":23,"column":0},"end":{"line":23,"column":35}},"23":{"start":{"line":24,"column":0},"end":{"line":24,"column":44}},"24":{"start":{"line":25,"column":0},"end":{"line":25,"column":46}},"26":{"start":{"line":27,"column":0},"end":{"line":27,"column":41}},"27":{"start":{"line":28,"column":0},"end":{"line":28,"column":43}},"28":{"start":{"line":29,"column":0},"end":{"line":29,"column":28}},"30":{"start":{"line":31,"column":0},"end":{"line":31,"column":38}},"31":{"start":{"line":32,"column":0},"end":{"line":32,"column":47}},"32":{"start":{"line":33,"column":0},"end":{"line":33,"column":41}},"34":{"start":{"line":35,"column":0},"end":{"line":35,"column":22}},"35":{"start":{"line":36,"column":0},"end":{"line":36,"column":14}},"36":{"start":{"line":37,"column":0},"end":{"line":37,"column":37}},"37":{"start":{"line":38,"column":0},"end":{"line":38,"column":37}},"38":{"start":{"line":39,"column":0},"end":{"line":39,"column":56}},"39":{"start":{"line":40,"column":0},"end":{"line":40,"column":22}},"40":{"start":{"line":41,"column":0},"end":{"line":41,"column":8}},"41":{"start":{"line":42,"column":0},"end":{"line":42,"column":19}},"42":{"start":{"line":43,"column":0},"end":{"line":43,"column":5}},"43":{"start":{"line":44,"column":0},"end":{"line":44,"column":3}},"45":{"start":{"line":46,"column":0},"end":{"line":46,"column":16}},"46":{"start":{"line":47,"column":0},"end":{"line":47,"column":1}}},"s":{"1":1,"2":1,"4":1,"5":4,"6":4,"7":4,"8":4,"9":4,"11":4,"12":4,"13":4,"14":4,"15":4,"17":4,"18":4,"19":4,"20":4,"22":4,"23":4,"24":4,"26":4,"27":16,"28":16,"30":16,"31":240,"32":240,"34":240,"35":240,"36":240,"37":240,"38":240,"39":240,"40":240,"41":240,"42":240,"43":16,"45":4,"46":4},"branchMap":{"0":{"type":"branch","line":5,"loc":{"start":{"line":5,"column":7},"end":{"line":47,"column":1}},"locations":[{"start":{"line":5,"column":7},"end":{"line":47,"column":1}}]},"1":{"type":"branch","line":27,"loc":{"start":{"line":27,"column":40},"end":{"line":44,"column":3}},"locations":[{"start":{"line":27,"column":40},"end":{"line":44,"column":3}}]},"2":{"type":"branch","line":31,"loc":{"start":{"line":31,"column":37},"end":{"line":43,"column":5}},"locations":[{"start":{"line":31,"column":37},"end":{"line":43,"column":5}}]}},"b":{"0":[4],"1":[16],"2":[240]},"fnMap":{"0":{"name":"renderMandala","decl":{"start":{"line":5,"column":7},"end":{"line":47,"column":1}},"loc":{"start":{"line":5,"column":7},"end":{"line":47,"column":1}},"line":5}},"f":{"0":4}}
,"/Users/markchesser/GITHUB/geometry-video-generator/luminara/apps/web/src/renderer/patterns/metatrons-cube.ts": {"path":"/Users/markchesser/GITHUB/geometry-video-generator/luminara/apps/web/src/renderer/patterns/metatrons-cube.ts","all":false,"statementMap":{"1":{"start":{"line":2,"column":0},"end":{"line":2,"column":45}},"2":{"start":{"line":3,"column":0},"end":{"line":3,"column":54}},"4":{"start":{"line":5,"column":0},"end":{"line":5,"column":114}},"5":{"start":{"line":6,"column":0},"end":{"line":6,"column":39}},"6":{"start":{"line":7,"column":0},"end":{"line":7,"column":55}},"7":{"start":{"line":8,"column":0},"end":{"line":8,"column":54}},"8":{"start":{"line":9,"column":0},"end":{"line":9,"column":36}},"9":{"start":{"line":10,"column":0},"end":{"line":10,"column":23}},"11":{"start":{"line":12,"column":0},"end":{"line":12,"column":23}},"12":{"start":{"line":13,"column":0},"end":{"line":13,"column":71}},"13":{"start":{"line":14,"column":0},"end":{"line":14,"column":72}},"14":{"start":{"line":15,"column":0},"end":{"line":15,"column":30}},"15":{"start":{"line":16,"column":0},"end":{"line":16,"column":67}},"16":{"start":{"line":17,"column":0},"end":{"line":17,"column":69}},"17":{"start":{"line":18,"column":0},"end":{"line":18,"column":10}},"18":{"start":{"line":19,"column":0},"end":{"line":19,"column":70}},"19":{"start":{"line":20,"column":0},"end":{"line":20,"column":68}},"20":{"start":{"line":21,"column":0},"end":{"line":21,"column":3}},"22":{"start":{"line":23,"column":0},"end":{"line":23,"column":67}},"23":{"start":{"line":24,"column":0},"end":{"line":24,"column":67}},"24":{"start":{"line":25,"column":0},"end":{"line":25,"column":108}},"25":{"start":{"line":26,"column":0},"end":{"line":26,"column":23}},"26":{"start":{"line":27,"column":0},"end":{"line":27,"column":23}},"27":{"start":{"line":28,"column":0},"end":{"line":28,"column":26}},"29":{"start":{"line":30,"column":0},"end":{"line":30,"column":72}},"30":{"start":{"line":31,"column":0},"end":{"line":31,"column":43}},"31":{"start":{"line":32,"column":0},"end":{"line":32,"column":73}},"32":{"start":{"line":33,"column":0},"end":{"line":33,"column":60}},"34":{"start":{"line":35,"column":0},"end":{"line":35,"column":13}},"35":{"start":{"line":36,"column":0},"end":{"line":36,"column":26}},"36":{"start":{"line":37,"column":0},"end":{"line":37,"column":34}},"37":{"start":{"line":38,"column":0},"end":{"line":38,"column":23}},"38":{"start":{"line":39,"column":0},"end":{"line":39,"column":52}},"40":{"start":{"line":41,"column":0},"end":{"line":41,"column":35}},"41":{"start":{"line":42,"column":0},"end":{"line":42,"column":44}},"42":{"start":{"line":43,"column":0},"end":{"line":43,"column":40}},"44":{"start":{"line":45,"column":0},"end":{"line":45,"column":21}},"45":{"start":{"line":46,"column":0},"end":{"line":46,"column":45}},"46":{"start":{"line":47,"column":0},"end":{"line":47,"column":63}},"47":{"start":{"line":48,"column":0},"end":{"line":48,"column":62}},"48":{"start":{"line":49,"column":0},"end":{"line":49,"column":4}},"50":{"start":{"line":51,"column":0},"end":{"line":51,"column":36}},"51":{"start":{"line":52,"column":0},"end":{"line":52,"column":81}},"52":{"start":{"line":53,"column":0},"end":{"line":53,"column":20}},"53":{"start":{"line":54,"column":0},"end":{"line":54,"column":78}},"54":{"start":{"line":55,"column":0},"end":{"line":55,"column":17}},"55":{"start":{"line":56,"column":0},"end":{"line":56,"column":5}},"57":{"start":{"line":58,"column":0},"end":{"line":58,"column":20}},"58":{"start":{"line":59,"column":0},"end":{"line":59,"column":38}},"59":{"start":{"line":60,"column":0},"end":{"line":60,"column":50}},"60":{"start":{"line":61,"column":0},"end":{"line":61,"column":22}},"61":{"start":{"line":62,"column":0},"end":{"line":62,"column":55}},"62":{"start":{"line":63,"column":0},"end":{"line":63,"column":55}},"63":{"start":{"line":64,"column":0},"end":{"line":64,"column":19}},"64":{"start":{"line":65,"column":0},"end":{"line":65,"column":7}},"65":{"start":{"line":66,"column":0},"end":{"line":66,"column":5}},"67":{"start":{"line":68,"column":0},"end":{"line":68,"column":16}},"68":{"start":{"line":69,"column":0},"end":{"line":69,"column":1}}},"s":{"1":1,"2":1,"4":1,"5":18,"6":18,"7":18,"8":18,"9":18,"11":18,"12":18,"13":18,"14":18,"15":0,"16":0,"17":0,"18":0,"19":0,"20":0,"22":18,"23":18,"24":18,"25":18,"26":18,"27":18,"29":18,"30":18,"31":18,"32":18,"34":18,"35":18,"36":18,"37":18,"38":18,"40":18,"41":18,"42":18,"44":18,"45":18,"46":18,"47":18,"48":18,"50":18,"51":234,"52":234,"53":234,"54":234,"55":18,"57":18,"58":18,"59":234,"60":1404,"61":1404,"62":1404,"63":1404,"64":234,"65":18,"67":18,"68":18},"branchMap":{"0":{"type":"branch","line":5,"loc":{"start":{"line":5,"column":7},"end":{"line":69,"column":1}},"locations":[{"start":{"line":5,"column":7},"end":{"line":69,"column":1}}]},"1":{"type":"branch","line":15,"loc":{"start":{"line":15,"column":2},"end":{"line":21,"column":3}},"locations":[{"start":{"line":15,"column":2},"end":{"line":21,"column":3}}]},"2":{"type":"branch","line":51,"loc":{"start":{"line":51,"column":20},"end":{"line":56,"column":3}},"locations":[{"start":{"line":51,"column":20},"end":{"line":56,"column":3}}]},"3":{"type":"branch","line":59,"loc":{"start":{"line":59,"column":20},"end":{"line":66,"column":3}},"locations":[{"start":{"line":59,"column":20},"end":{"line":66,"column":3}}]},"4":{"type":"branch","line":60,"loc":{"start":{"line":60,"column":35},"end":{"line":65,"column":5}},"locations":[{"start":{"line":60,"column":35},"end":{"line":65,"column":5}}]}},"b":{"0":[18],"1":[0],"2":[234],"3":[234],"4":[1404]},"fnMap":{"0":{"name":"renderMetatronsCube","decl":{"start":{"line":5,"column":7},"end":{"line":69,"column":1}},"loc":{"start":{"line":5,"column":7},"end":{"line":69,"column":1}},"line":5}},"f":{"0":18}}
,"/Users/markchesser/GITHUB/geometry-video-generator/luminara/apps/web/src/renderer/patterns/pentagram.ts": {"path":"/Users/markchesser/GITHUB/geometry-video-generator/luminara/apps/web/src/renderer/patterns/pentagram.ts","all":false,"statementMap":{"1":{"start":{"line":2,"column":0},"end":{"line":2,"column":45}},"2":{"start":{"line":3,"column":0},"end":{"line":3,"column":54}},"4":{"start":{"line":5,"column":0},"end":{"line":5,"column":110}},"5":{"start":{"line":6,"column":0},"end":{"line":6,"column":39}},"6":{"start":{"line":7,"column":0},"end":{"line":7,"column":48}},"7":{"start":{"line":8,"column":0},"end":{"line":8,"column":47}},"8":{"start":{"line":9,"column":0},"end":{"line":9,"column":74}},"9":{"start":{"line":10,"column":0},"end":{"line":10,"column":76}},"11":{"start":{"line":12,"column":0},"end":{"line":12,"column":61}},"12":{"start":{"line":13,"column":0},"end":{"line":13,"column":91}},"13":{"start":{"line":14,"column":0},"end":{"line":14,"column":29}},"14":{"start":{"line":15,"column":0},"end":{"line":15,"column":29}},"15":{"start":{"line":16,"column":0},"end":{"line":16,"column":26}},"17":{"start":{"line":18,"column":0},"end":{"line":18,"column":13}},"18":{"start":{"line":19,"column":0},"end":{"line":19,"column":26}},"19":{"start":{"line":20,"column":0},"end":{"line":20,"column":34}},"20":{"start":{"line":21,"column":0},"end":{"line":21,"column":23}},"22":{"start":{"line":23,"column":0},"end":{"line":23,"column":35}},"23":{"start":{"line":24,"column":0},"end":{"line":24,"column":44}},"24":{"start":{"line":25,"column":0},"end":{"line":25,"column":48}},"26":{"start":{"line":27,"column":0},"end":{"line":27,"column":18}},"27":{"start":{"line":28,"column":0},"end":{"line":28,"column":31}},"28":{"start":{"line":29,"column":0},"end":{"line":29,"column":55}},"29":{"start":{"line":30,"column":0},"end":{"line":30,"column":61}},"31":{"start":{"line":32,"column":0},"end":{"line":32,"column":39}},"32":{"start":{"line":33,"column":0},"end":{"line":33,"column":39}},"33":{"start":{"line":34,"column":0},"end":{"line":34,"column":39}},"34":{"start":{"line":35,"column":0},"end":{"line":35,"column":39}},"36":{"start":{"line":37,"column":0},"end":{"line":37,"column":36}},"37":{"start":{"line":38,"column":0},"end":{"line":38,"column":23}},"38":{"start":{"line":39,"column":0},"end":{"line":39,"column":3}},"39":{"start":{"line":40,"column":0},"end":{"line":40,"column":18}},"40":{"start":{"line":41,"column":0},"end":{"line":41,"column":15}},"42":{"start":{"line":43,"column":0},"end":{"line":43,"column":16}},"43":{"start":{"line":44,"column":0},"end":{"line":44,"column":1}}},"s":{"1":1,"2":1,"4":1,"5":12,"6":12,"7":12,"8":12,"9":12,"11":12,"12":12,"13":12,"14":12,"15":12,"17":12,"18":12,"19":12,"20":12,"22":12,"23":12,"24":12,"26":12,"27":12,"28":60,"29":60,"31":60,"32":60,"33":60,"34":60,"36":60,"37":60,"38":60,"39":12,"40":12,"42":12,"43":12},"branchMap":{"0":{"type":"branch","line":5,"loc":{"start":{"line":5,"column":7},"end":{"line":44,"column":1}},"locations":[{"start":{"line":5,"column":7},"end":{"line":44,"column":1}}]},"1":{"type":"branch","line":28,"loc":{"start":{"line":28,"column":30},"end":{"line":39,"column":3}},"locations":[{"start":{"line":28,"column":30},"end":{"line":39,"column":3}}]},"2":{"type":"branch","line":37,"loc":{"start":{"line":37,"column":17},"end":{"line":37,"column":36}},"locations":[{"start":{"line":37,"column":17},"end":{"line":37,"column":36}}]}},"b":{"0":[12],"1":[60],"2":[12]},"fnMap":{"0":{"name":"renderPentagram","decl":{"start":{"line":5,"column":7},"end":{"line":44,"column":1}},"loc":{"start":{"line":5,"column":7},"end":{"line":44,"column":1}},"line":5}},"f":{"0":12}}
,"/Users/markchesser/GITHUB/geometry-video-generator/luminara/apps/web/src/renderer/patterns/seed-of-life.ts": {"path":"/Users/markchesser/GITHUB/geometry-video-generator/luminara/apps/web/src/renderer/patterns/seed-of-life.ts","all":false,"statementMap":{"1":{"start":{"line":2,"column":0},"end":{"line":2,"column":45}},"2":{"start":{"line":3,"column":0},"end":{"line":3,"column":54}},"4":{"start":{"line":5,"column":0},"end":{"line":5,"column":111}},"5":{"start":{"line":6,"column":0},"end":{"line":6,"column":39}},"6":{"start":{"line":7,"column":0},"end":{"line":7,"column":51}},"7":{"start":{"line":8,"column":0},"end":{"line":8,"column":54}},"8":{"start":{"line":9,"column":0},"end":{"line":9,"column":54}},"9":{"start":{"line":10,"column":0},"end":{"line":10,"column":55}},"10":{"start":{"line":11,"column":0},"end":{"line":11,"column":81}},"11":{"start":{"line":12,"column":0},"end":{"line":12,"column":88}},"13":{"start":{"line":14,"column":0},"end":{"line":14,"column":42}},"14":{"start":{"line":15,"column":0},"end":{"line":15,"column":63}},"15":{"start":{"line":16,"column":0},"end":{"line":16,"column":96}},"16":{"start":{"line":17,"column":0},"end":{"line":17,"column":29}},"17":{"start":{"line":18,"column":0},"end":{"line":18,"column":29}},"18":{"start":{"line":19,"column":0},"end":{"line":19,"column":26}},"20":{"start":{"line":21,"column":0},"end":{"line":21,"column":60}},"21":{"start":{"line":22,"column":0},"end":{"line":22,"column":66}},"22":{"start":{"line":23,"column":0},"end":{"line":23,"column":38}},"23":{"start":{"line":24,"column":0},"end":{"line":24,"column":67}},"24":{"start":{"line":25,"column":0},"end":{"line":25,"column":52}},"26":{"start":{"line":27,"column":0},"end":{"line":27,"column":13}},"27":{"start":{"line":28,"column":0},"end":{"line":28,"column":26}},"28":{"start":{"line":29,"column":0},"end":{"line":29,"column":62}},"29":{"start":{"line":30,"column":0},"end":{"line":30,"column":23}},"30":{"start":{"line":31,"column":0},"end":{"line":31,"column":48}},"32":{"start":{"line":33,"column":0},"end":{"line":33,"column":49}},"33":{"start":{"line":34,"column":0},"end":{"line":34,"column":78}},"34":{"start":{"line":35,"column":0},"end":{"line":35,"column":70}},"37":{"start":{"line":38,"column":0},"end":{"line":38,"column":82}},"38":{"start":{"line":39,"column":0},"end":{"line":39,"column":18}},"39":{"start":{"line":40,"column":0},"end":{"line":40,"column":46}},"40":{"start":{"line":41,"column":0},"end":{"line":41,"column":15}},"43":{"start":{"line":44,"column":0},"end":{"line":44,"column":31}},"44":{"start":{"line":45,"column":0},"end":{"line":45,"column":73}},"45":{"start":{"line":46,"column":0},"end":{"line":46,"column":82}},"46":{"start":{"line":47,"column":0},"end":{"line":47,"column":94}},"48":{"start":{"line":49,"column":0},"end":{"line":49,"column":41}},"49":{"start":{"line":50,"column":0},"end":{"line":50,"column":41}},"51":{"start":{"line":52,"column":0},"end":{"line":52,"column":111}},"52":{"start":{"line":53,"column":0},"end":{"line":53,"column":74}},"54":{"start":{"line":55,"column":0},"end":{"line":55,"column":20}},"55":{"start":{"line":56,"column":0},"end":{"line":56,"column":48}},"56":{"start":{"line":57,"column":0},"end":{"line":57,"column":17}},"57":{"start":{"line":58,"column":0},"end":{"line":58,"column":3}},"59":{"start":{"line":60,"column":0},"end":{"line":60,"column":16}},"60":{"start":{"line":61,"column":0},"end":{"line":61,"column":1}}},"s":{"1":1,"2":1,"4":1,"5":7,"6":7,"7":7,"8":7,"9":7,"10":7,"11":7,"13":7,"14":7,"15":7,"16":7,"17":7,"18":7,"20":7,"21":7,"22":7,"23":7,"24":7,"26":7,"27":7,"28":7,"29":7,"30":7,"32":7,"33":7,"34":7,"37":7,"38":7,"39":7,"40":7,"43":7,"44":42,"45":42,"46":42,"48":42,"49":42,"51":42,"52":42,"54":42,"55":42,"56":42,"57":42,"59":7,"60":7},"branchMap":{"0":{"type":"branch","line":5,"loc":{"start":{"line":5,"column":7},"end":{"line":61,"column":1}},"locations":[{"start":{"line":5,"column":7},"end":{"line":61,"column":1}}]},"1":{"type":"branch","line":44,"loc":{"start":{"line":44,"column":30},"end":{"line":58,"column":3}},"locations":[{"start":{"line":44,"column":30},"end":{"line":58,"column":3}}]}},"b":{"0":[7],"1":[42]},"fnMap":{"0":{"name":"renderSeedOfLife","decl":{"start":{"line":5,"column":7},"end":{"line":61,"column":1}},"loc":{"start":{"line":5,"column":7},"end":{"line":61,"column":1}},"line":5}},"f":{"0":7}}
,"/Users/markchesser/GITHUB/geometry-video-generator/luminara/apps/web/src/renderer/patterns/sri-yantra.ts": {"path":"/Users/markchesser/GITHUB/geometry-video-generator/luminara/apps/web/src/renderer/patterns/sri-yantra.ts","all":false,"statementMap":{"1":{"start":{"line":2,"column":0},"end":{"line":2,"column":45}},"2":{"start":{"line":3,"column":0},"end":{"line":3,"column":54}},"4":{"start":{"line":5,"column":0},"end":{"line":5,"column":110}},"5":{"start":{"line":6,"column":0},"end":{"line":6,"column":39}},"6":{"start":{"line":7,"column":0},"end":{"line":7,"column":53}},"7":{"start":{"line":8,"column":0},"end":{"line":8,"column":54}},"8":{"start":{"line":9,"column":0},"end":{"line":9,"column":53}},"10":{"start":{"line":11,"column":0},"end":{"line":11,"column":99}},"11":{"start":{"line":12,"column":0},"end":{"line":12,"column":42}},"12":{"start":{"line":13,"column":0},"end":{"line":13,"column":64}},"13":{"start":{"line":14,"column":0},"end":{"line":14,"column":65}},"15":{"start":{"line":16,"column":0},"end":{"line":16,"column":69}},"16":{"start":{"line":17,"column":0},"end":{"line":17,"column":65}},"17":{"start":{"line":18,"column":0},"end":{"line":18,"column":96}},"18":{"start":{"line":19,"column":0},"end":{"line":19,"column":29}},"19":{"start":{"line":20,"column":0},"end":{"line":20,"column":29}},"20":{"start":{"line":21,"column":0},"end":{"line":21,"column":26}},"22":{"start":{"line":23,"column":0},"end":{"line":23,"column":77}},"23":{"start":{"line":24,"column":0},"end":{"line":24,"column":42}},"24":{"start":{"line":25,"column":0},"end":{"line":25,"column":73}},"25":{"start":{"line":26,"column":0},"end":{"line":26,"column":62}},"27":{"start":{"line":28,"column":0},"end":{"line":28,"column":13}},"28":{"start":{"line":29,"column":0},"end":{"line":29,"column":26}},"29":{"start":{"line":30,"column":0},"end":{"line":30,"column":62}},"30":{"start":{"line":31,"column":0},"end":{"line":31,"column":23}},"31":{"start":{"line":32,"column":0},"end":{"line":32,"column":50}},"33":{"start":{"line":34,"column":0},"end":{"line":34,"column":35}},"34":{"start":{"line":35,"column":0},"end":{"line":35,"column":44}},"35":{"start":{"line":36,"column":0},"end":{"line":36,"column":48}},"37":{"start":{"line":38,"column":0},"end":{"line":38,"column":31}},"38":{"start":{"line":39,"column":0},"end":{"line":39,"column":60}},"39":{"start":{"line":40,"column":0},"end":{"line":40,"column":92}},"41":{"start":{"line":42,"column":0},"end":{"line":42,"column":15}},"42":{"start":{"line":43,"column":0},"end":{"line":43,"column":33}},"43":{"start":{"line":44,"column":0},"end":{"line":44,"column":63}},"45":{"start":{"line":46,"column":0},"end":{"line":46,"column":20}},"46":{"start":{"line":47,"column":0},"end":{"line":47,"column":33}},"47":{"start":{"line":48,"column":0},"end":{"line":48,"column":56}},"48":{"start":{"line":49,"column":0},"end":{"line":49,"column":47}},"49":{"start":{"line":50,"column":0},"end":{"line":50,"column":47}},"50":{"start":{"line":51,"column":0},"end":{"line":51,"column":36}},"51":{"start":{"line":52,"column":0},"end":{"line":52,"column":28}},"52":{"start":{"line":53,"column":0},"end":{"line":53,"column":5}},"53":{"start":{"line":54,"column":0},"end":{"line":54,"column":20}},"54":{"start":{"line":55,"column":0},"end":{"line":55,"column":17}},"55":{"start":{"line":56,"column":0},"end":{"line":56,"column":18}},"56":{"start":{"line":57,"column":0},"end":{"line":57,"column":3}},"58":{"start":{"line":59,"column":0},"end":{"line":59,"column":16}},"59":{"start":{"line":60,"column":0},"end":{"line":60,"column":1}}},"s":{"1":1,"2":1,"4":1,"5":5,"6":5,"7":5,"8":5,"10":5,"11":5,"12":5,"13":5,"15":5,"16":5,"17":5,"18":5,"19":5,"20":5,"22":5,"23":5,"24":5,"25":5,"27":5,"28":5,"29":5,"30":5,"31":5,"33":5,"34":5,"35":5,"37":5,"38":45,"39":45,"41":45,"42":45,"43":45,"45":45,"46":45,"47":135,"48":135,"49":135,"50":135,"51":90,"52":135,"53":45,"54":45,"55":45,"56":45,"58":5,"59":5},"branchMap":{"0":{"type":"branch","line":5,"loc":{"start":{"line":5,"column":7},"end":{"line":60,"column":1}},"locations":[{"start":{"line":5,"column":7},"end":{"line":60,"column":1}}]},"1":{"type":"branch","line":38,"loc":{"start":{"line":38,"column":30},"end":{"line":57,"column":3}},"locations":[{"start":{"line":38,"column":30},"end":{"line":57,"column":3}}]},"2":{"type":"branch","line":40,"loc":{"start":{"line":40,"column":40},"end":{"line":40,"column":48}},"locations":[{"start":{"line":40,"column":40},"end":{"line":40,"column":48}}]},"3":{"type":"branch","line":40,"loc":{"start":{"line":40,"column":44},"end":{"line":40,"column":59}},"locations":[{"start":{"line":40,"column":44},"end":{"line":40,"column":59}}]},"4":{"type":"branch","line":40,"loc":{"start":{"line":40,"column":80},"end":{"line":40,"column":88}},"locations":[{"start":{"line":40,"column":80},"end":{"line":40,"column":88}}]},"5":{"type":"branch","line":40,"loc":{"start":{"line":40,"column":84},"end":{"line":40,"column":92}},"locations":[{"start":{"line":40,"column":84},"end":{"line":40,"column":92}}]},"6":{"type":"branch","line":47,"loc":{"start":{"line":47,"column":32},"end":{"line":53,"column":5}},"locations":[{"start":{"line":47,"column":32},"end":{"line":53,"column":5}}]},"7":{"type":"branch","line":51,"loc":{"start":{"line":51,"column":19},"end":{"line":51,"column":36}},"locations":[{"start":{"line":51,"column":19},"end":{"line":51,"column":36}}]},"8":{"type":"branch","line":51,"loc":{"start":{"line":51,"column":34},"end":{"line":52,"column":28}},"locations":[{"start":{"line":51,"column":34},"end":{"line":52,"column":28}}]}},"b":{"0":[5],"1":[45],"2":[25],"3":[20],"4":[25],"5":[20],"6":[135],"7":[45],"8":[90]},"fnMap":{"0":{"name":"renderSriYantra","decl":{"start":{"line":5,"column":7},"end":{"line":60,"column":1}},"loc":{"start":{"line":5,"column":7},"end":{"line":60,"column":1}},"line":5}},"f":{"0":5}}
,"/Users/markchesser/GITHUB/geometry-video-generator/luminara/apps/web/src/renderer/patterns/tree-of-life.ts": {"path":"/Users/markchesser/GITHUB/geometry-video-generator/luminara/apps/web/src/renderer/patterns/tree-of-life.ts","all":false,"statementMap":{"1":{"start":{"line":2,"column":0},"end":{"line":2,"column":45}},"2":{"start":{"line":3,"column":0},"end":{"line":3,"column":54}},"4":{"start":{"line":5,"column":0},"end":{"line":5,"column":111}},"5":{"start":{"line":6,"column":0},"end":{"line":6,"column":39}},"6":{"start":{"line":7,"column":0},"end":{"line":7,"column":43}},"7":{"start":{"line":8,"column":0},"end":{"line":8,"column":46}},"8":{"start":{"line":9,"column":0},"end":{"line":9,"column":68}},"9":{"start":{"line":10,"column":0},"end":{"line":10,"column":75}},"11":{"start":{"line":12,"column":0},"end":{"line":12,"column":60}},"12":{"start":{"line":13,"column":0},"end":{"line":13,"column":94}},"13":{"start":{"line":14,"column":0},"end":{"line":14,"column":29}},"14":{"start":{"line":15,"column":0},"end":{"line":15,"column":29}},"15":{"start":{"line":16,"column":0},"end":{"line":16,"column":26}},"17":{"start":{"line":18,"column":0},"end":{"line":18,"column":13}},"18":{"start":{"line":19,"column":0},"end":{"line":19,"column":26}},"19":{"start":{"line":20,"column":0},"end":{"line":20,"column":34}},"20":{"start":{"line":21,"column":0},"end":{"line":21,"column":23}},"22":{"start":{"line":23,"column":0},"end":{"line":23,"column":34}},"23":{"start":{"line":24,"column":0},"end":{"line":24,"column":44}},"24":{"start":{"line":25,"column":0},"end":{"line":25,"column":48}},"26":{"start":{"line":27,"column":0},"end":{"line":27,"column":20}},"27":{"start":{"line":28,"column":0},"end":{"line":28,"column":38}},"28":{"start":{"line":29,"column":0},"end":{"line":29,"column":58}},"29":{"start":{"line":30,"column":0},"end":{"line":30,"column":38}},"30":{"start":{"line":31,"column":0},"end":{"line":31,"column":56}},"31":{"start":{"line":32,"column":0},"end":{"line":32,"column":37}},"32":{"start":{"line":33,"column":0},"end":{"line":33,"column":4}},"34":{"start":{"line":35,"column":0},"end":{"line":35,"column":35}},"35":{"start":{"line":36,"column":0},"end":{"line":36,"column":73}},"36":{"start":{"line":37,"column":0},"end":{"line":37,"column":20}},"37":{"start":{"line":38,"column":0},"end":{"line":38,"column":46}},"38":{"start":{"line":39,"column":0},"end":{"line":39,"column":17}},"39":{"start":{"line":40,"column":0},"end":{"line":40,"column":5}},"41":{"start":{"line":42,"column":0},"end":{"line":42,"column":114}},"42":{"start":{"line":43,"column":0},"end":{"line":43,"column":35}},"43":{"start":{"line":44,"column":0},"end":{"line":44,"column":20}},"44":{"start":{"line":45,"column":0},"end":{"line":45,"column":47}},"45":{"start":{"line":46,"column":0},"end":{"line":46,"column":47}},"46":{"start":{"line":47,"column":0},"end":{"line":47,"column":17}},"47":{"start":{"line":48,"column":0},"end":{"line":48,"column":5}},"49":{"start":{"line":50,"column":0},"end":{"line":50,"column":16}},"50":{"start":{"line":51,"column":0},"end":{"line":51,"column":1}}},"s":{"1":1,"2":1,"4":1,"5":2,"6":2,"7":2,"8":2,"9":2,"11":2,"12":2,"13":2,"14":2,"15":2,"17":2,"18":2,"19":2,"20":2,"22":2,"23":2,"24":2,"26":2,"27":2,"28":2,"29":2,"30":2,"31":2,"32":2,"34":2,"35":20,"36":20,"37":20,"38":20,"39":2,"41":2,"42":2,"43":26,"44":26,"45":26,"46":26,"47":2,"49":2,"50":2},"branchMap":{"0":{"type":"branch","line":5,"loc":{"start":{"line":5,"column":7},"end":{"line":51,"column":1}},"locations":[{"start":{"line":5,"column":7},"end":{"line":51,"column":1}}]},"1":{"type":"branch","line":35,"loc":{"start":{"line":35,"column":19},"end":{"line":40,"column":3}},"locations":[{"start":{"line":35,"column":19},"end":{"line":40,"column":3}}]},"2":{"type":"branch","line":43,"loc":{"start":{"line":43,"column":22},"end":{"line":48,"column":3}},"locations":[{"start":{"line":43,"column":22},"end":{"line":48,"column":3}}]}},"b":{"0":[2],"1":[20],"2":[26]},"fnMap":{"0":{"name":"renderTreeOfLife","decl":{"start":{"line":5,"column":7},"end":{"line":51,"column":1}},"loc":{"start":{"line":5,"column":7},"end":{"line":51,"column":1}},"line":5}},"f":{"0":2}}
,"/Users/markchesser/GITHUB/geometry-video-generator/luminara/apps/web/src/renderer/patterns/vesica-piscis.ts": {"path":"/Users/markchesser/GITHUB/geometry-video-generator/luminara/apps/web/src/renderer/patterns/vesica-piscis.ts","all":false,"statementMap":{"1":{"start":{"line":2,"column":0},"end":{"line":2,"column":45}},"2":{"start":{"line":3,"column":0},"end":{"line":3,"column":54}},"4":{"start":{"line":5,"column":0},"end":{"line":5,"column":113}},"5":{"start":{"line":6,"column":0},"end":{"line":6,"column":39}},"6":{"start":{"line":7,"column":0},"end":{"line":7,"column":45}},"7":{"start":{"line":8,"column":0},"end":{"line":8,"column":46}},"8":{"start":{"line":9,"column":0},"end":{"line":9,"column":67}},"9":{"start":{"line":10,"column":0},"end":{"line":10,"column":76}},"11":{"start":{"line":12,"column":0},"end":{"line":12,"column":63}},"12":{"start":{"line":13,"column":0},"end":{"line":13,"column":97}},"13":{"start":{"line":14,"column":0},"end":{"line":14,"column":29}},"14":{"start":{"line":15,"column":0},"end":{"line":15,"column":29}},"15":{"start":{"line":16,"column":0},"end":{"line":16,"column":26}},"17":{"start":{"line":18,"column":0},"end":{"line":18,"column":48}},"18":{"start":{"line":19,"column":0},"end":{"line":19,"column":37}},"19":{"start":{"line":20,"column":0},"end":{"line":20,"column":36}},"21":{"start":{"line":22,"column":0},"end":{"line":22,"column":13}},"22":{"start":{"line":23,"column":0},"end":{"line":23,"column":26}},"23":{"start":{"line":24,"column":0},"end":{"line":24,"column":34}},"24":{"start":{"line":25,"column":0},"end":{"line":25,"column":23}},"26":{"start":{"line":27,"column":0},"end":{"line":27,"column":35}},"27":{"start":{"line":28,"column":0},"end":{"line":28,"column":44}},"28":{"start":{"line":29,"column":0},"end":{"line":29,"column":40}},"31":{"start":{"line":32,"column":0},"end":{"line":32,"column":18}},"32":{"start":{"line":33,"column":0},"end":{"line":33,"column":54}},"33":{"start":{"line":34,"column":0},"end":{"line":34,"column":15}},"35":{"start":{"line":36,"column":0},"end":{"line":36,"column":18}},"36":{"start":{"line":37,"column":0},"end":{"line":37,"column":53}},"37":{"start":{"line":38,"column":0},"end":{"line":38,"column":15}},"39":{"start":{"line":40,"column":0},"end":{"line":40,"column":16}},"40":{"start":{"line":41,"column":0},"end":{"line":41,"column":1}}},"s":{"1":1,"2":1,"4":1,"5":2,"6":2,"7":2,"8":2,"9":2,"11":2,"12":2,"13":2,"14":2,"15":2,"17":2,"18":2,"19":2,"21":2,"22":2,"23":2,"24":2,"26":2,"27":2,"28":2,"31":2,"32":2,"33":2,"35":2,"36":2,"37":2,"39":2,"40":2},"branchMap":{"0":{"type":"branch","line":5,"loc":{"start":{"line":5,"column":7},"end":{"line":41,"column":1}},"locations":[{"start":{"line":5,"column":7},"end":{"line":41,"column":1}}]}},"b":{"0":[2]},"fnMap":{"0":{"name":"renderVesicaPiscis","decl":{"start":{"line":5,"column":7},"end":{"line":41,"column":1}},"loc":{"start":{"line":5,"column":7},"end":{"line":41,"column":1}},"line":5}},"f":{"0":2}}
,"/Users/markchesser/GITHUB/geometry-video-generator/luminara/apps/web/src/ui/panel.ts": {"path":"/Users/markchesser/GITHUB/geometry-video-generator/luminara/apps/web/src/ui/panel.ts","all":false,"statementMap":{"0":{"start":{"line":1,"column":0},"end":{"line":1,"column":40}},"2":{"start":{"line":3,"column":0},"end":{"line":3,"column":48}},"3":{"start":{"line":4,"column":0},"end":{"line":4,"column":46}},"4":{"start":{"line":5,"column":0},"end":{"line":5,"column":152}},"6":{"start":{"line":7,"column":0},"end":{"line":7,"column":45}},"7":{"start":{"line":8,"column":0},"end":{"line":8,"column":33}},"8":{"start":{"line":9,"column":0},"end":{"line":9,"column":36}},"9":{"start":{"line":10,"column":0},"end":{"line":10,"column":27}},"11":{"start":{"line":12,"column":0},"end":{"line":12,"column":53}},"12":{"start":{"line":13,"column":0},"end":{"line":13,"column":37}},"13":{"start":{"line":14,"column":0},"end":{"line":14,"column":55}},"15":{"start":{"line":16,"column":0},"end":{"line":16,"column":51}},"16":{"start":{"line":17,"column":0},"end":{"line":17,"column":52}},"17":{"start":{"line":18,"column":0},"end":{"line":18,"column":23}},"18":{"start":{"line":19,"column":0},"end":{"line":19,"column":30}},"19":{"start":{"line":20,"column":0},"end":{"line":20,"column":58}},"20":{"start":{"line":21,"column":0},"end":{"line":21,"column":36}},"21":{"start":{"line":22,"column":0},"end":{"line":22,"column":5}},"23":{"start":{"line":24,"column":0},"end":{"line":24,"column":38}},"24":{"start":{"line":25,"column":0},"end":{"line":25,"column":32}},"26":{"start":{"line":27,"column":0},"end":{"line":27,"column":26}},"27":{"start":{"line":28,"column":0},"end":{"line":28,"column":1}}},"s":{"0":1,"2":1,"3":2,"4":2,"6":2,"7":2,"8":2,"9":2,"11":2,"12":2,"13":2,"15":2,"16":8,"17":8,"18":8,"19":8,"20":8,"21":2,"23":2,"24":2,"26":2,"27":2},"branchMap":{"0":{"type":"branch","line":3,"loc":{"start":{"line":3,"column":7},"end":{"line":28,"column":1}},"locations":[{"start":{"line":3,"column":7},"end":{"line":28,"column":1}}]},"1":{"type":"branch","line":16,"loc":{"start":{"line":16,"column":33},"end":{"line":22,"column":3}},"locations":[{"start":{"line":16,"column":33},"end":{"line":22,"column":3}}]},"2":{"type":"branch","line":20,"loc":{"start":{"line":20,"column":35},"end":{"line":20,"column":58}},"locations":[{"start":{"line":20,"column":35},"end":{"line":20,"column":58}}]}},"b":{"0":[2],"1":[8],"2":[2]},"fnMap":{"0":{"name":"attachPanel","decl":{"start":{"line":3,"column":7},"end":{"line":28,"column":1}},"loc":{"start":{"line":3,"column":7},"end":{"line":28,"column":1}},"line":3}},"f":{"0":2}}
}
